This is pdfTeX, Version 3.14159265-2.6-1.40.17 (TeX Live 2016/W32TeX) (preloaded format=pdflatex 2019.5.24)  20 JUL 2021 10:52
entering extended mode
 \write18 enabled.
 %&-line parsing enabled.
**./Stats-documentation.tex
(./Stats-documentation.tex
LaTeX2e <2016/03/31> patch level 3
Babel <3.9r> and hyphenation patterns for 83 language(s) loaded.
(../preamble.tex (d:/texlive/2016/texmf-dist/tex/latex/base/article.cls
Document Class: article 2014/09/29 v1.4h Standard LaTeX document class
(d:/texlive/2016/texmf-dist/tex/latex/base/size12.clo
File: size12.clo 2014/09/29 v1.4h Standard LaTeX file (size option)
)
\c@part=\count79
\c@section=\count80
\c@subsection=\count81
\c@subsubsection=\count82
\c@paragraph=\count83
\c@subparagraph=\count84
\c@figure=\count85
\c@table=\count86
\abovecaptionskip=\skip41
\belowcaptionskip=\skip42
\bibindent=\dimen102
)
(d:/texlive/2016/texmf-dist/tex/latex/geometry/geometry.sty
Package: geometry 2010/09/12 v5.6 Page Geometry

(d:/texlive/2016/texmf-dist/tex/latex/graphics/keyval.sty
Package: keyval 2014/10/28 v1.15 key=value parser (DPC)
\KV@toks@=\toks14
)
(d:/texlive/2016/texmf-dist/tex/generic/oberdiek/ifpdf.sty
Package: ifpdf 2016/05/14 v3.1 Provides the ifpdf switch
)
(d:/texlive/2016/texmf-dist/tex/generic/oberdiek/ifvtex.sty
Package: ifvtex 2016/05/16 v1.6 Detect VTeX and its facilities (HO)
Package ifvtex Info: VTeX not detected.
)
(d:/texlive/2016/texmf-dist/tex/generic/ifxetex/ifxetex.sty
Package: ifxetex 2010/09/12 v0.6 Provides ifxetex conditional
)
\Gm@cnth=\count87
\Gm@cntv=\count88
\c@Gm@tempcnt=\count89
\Gm@bindingoffset=\dimen103
\Gm@wd@mp=\dimen104
\Gm@odd@mp=\dimen105
\Gm@even@mp=\dimen106
\Gm@layoutwidth=\dimen107
\Gm@layoutheight=\dimen108
\Gm@layouthoffset=\dimen109
\Gm@layoutvoffset=\dimen110
\Gm@dimlist=\toks15
)
(d:/texlive/2016/texmf-dist/tex/latex/graphics/graphicx.sty
Package: graphicx 2014/10/28 v1.0g Enhanced LaTeX Graphics (DPC,SPQR)

(d:/texlive/2016/texmf-dist/tex/latex/graphics/graphics.sty
Package: graphics 2016/07/10 v1.0t Standard LaTeX Graphics (DPC,SPQR)

(d:/texlive/2016/texmf-dist/tex/latex/graphics/trig.sty
Package: trig 2016/01/03 v1.10 sin cos tan (DPC)
)
(d:/texlive/2016/texmf-dist/tex/latex/graphics-cfg/graphics.cfg
File: graphics.cfg 2016/06/04 v1.11 sample graphics configuration
)
Package graphics Info: Driver file: pdftex.def on input line 99.

(d:/texlive/2016/texmf-dist/tex/latex/graphics-def/pdftex.def
File: pdftex.def 2016/07/10 v0.06j Graphics/color for pdfTeX

(d:/texlive/2016/texmf-dist/tex/generic/oberdiek/infwarerr.sty
Package: infwarerr 2016/05/16 v1.4 Providing info/warning/error messages (HO)
)
(d:/texlive/2016/texmf-dist/tex/generic/oberdiek/ltxcmds.sty
Package: ltxcmds 2016/05/16 v1.23 LaTeX kernel commands for general use (HO)
)
\Gread@gobject=\count90
))
\Gin@req@height=\dimen111
\Gin@req@width=\dimen112
)
(d:/texlive/2016/texmf-dist/tex/latex/float/float.sty
Package: float 2001/11/08 v1.3d Float enhancements (AL)
\c@float@type=\count91
\float@exts=\toks16
\float@box=\box26
\@float@everytoks=\toks17
\@floatcapt=\box27
)
(d:/texlive/2016/texmf-dist/tex/latex/xcolor/xcolor.sty
Package: xcolor 2016/05/11 v2.12 LaTeX color extensions (UK)

(d:/texlive/2016/texmf-dist/tex/latex/graphics-cfg/color.cfg
File: color.cfg 2016/01/02 v1.6 sample color configuration
)
Package xcolor Info: Driver file: pdftex.def on input line 225.
Package xcolor Info: Model `cmy' substituted by `cmy0' on input line 1348.
Package xcolor Info: Model `hsb' substituted by `rgb' on input line 1352.
Package xcolor Info: Model `RGB' extended on input line 1364.
Package xcolor Info: Model `HTML' substituted by `rgb' on input line 1366.
Package xcolor Info: Model `Hsb' substituted by `hsb' on input line 1367.
Package xcolor Info: Model `tHsb' substituted by `hsb' on input line 1368.
Package xcolor Info: Model `HSB' substituted by `hsb' on input line 1369.
Package xcolor Info: Model `Gray' substituted by `gray' on input line 1370.
Package xcolor Info: Model `wave' substituted by `hsb' on input line 1371.

(d:/texlive/2016/texmf-dist/tex/latex/graphics/dvipsnam.def
File: dvipsnam.def 2016/06/17 v3.0m Driver-dependent file (DPC,SPQR)
))
(d:/texlive/2016/texmf-dist/tex/latex/l3packages/xparse/xparse.sty
(d:/texlive/2016/texmf-dist/tex/latex/l3kernel/expl3.sty
Package: expl3 2016/10/19 v6730 L3 programming layer (loader) 

(d:/texlive/2016/texmf-dist/tex/latex/l3kernel/expl3-code.tex
Package: expl3 2016/10/19 v6730 L3 programming layer (code)
L3 Module: l3bootstrap 2016/06/13 v6596 L3 Bootstrap code
L3 Module: l3names 2016/10/13 v6722 L3 Namespace for primitives
L3 Module: l3basics 2016/09/01 v6696 L3 Basic definitions
L3 Module: l3expan 2016/08/19 v6684 L3 Argument expansion
L3 Module: l3tl 2016/08/19 v6692 L3 Token lists
L3 Module: l3str 2016/08/19 v6692 L3 Strings
L3 Module: l3seq 2016/08/19 v6685 L3 Sequences and stacks
L3 Module: l3int 2016/09/07 v6700 L3 Integers
\c_max_int=\count92
\l_tmpa_int=\count93
\l_tmpb_int=\count94
\g_tmpa_int=\count95
\g_tmpb_int=\count96
L3 Module: l3quark 2016/08/19 v6685 L3 Quarks
L3 Module: l3prg 2016/08/18 v6679 L3 Control structures
\g__prg_map_int=\count97
L3 Module: l3clist 2016/08/19 v6685 L3 Comma separated lists
L3 Module: l3token 2016/09/01 v6695 L3 Experimental token manipulation
L3 Module: l3prop 2016/08/19 v6685 L3 Property lists
L3 Module: l3msg 2016/08/19 v6691 L3 Messages
L3 Module: l3file 2016/08/19 v6685 L3 File and I/O operations
\l_iow_line_count_int=\count98
\l__iow_target_count_int=\count99
\l__iow_current_line_int=\count100
\l__iow_current_word_int=\count101
\l__iow_current_indentation_int=\count102
L3 Module: l3skip 2016/08/19 v6692 L3 Dimensions and skips
\c_zero_dim=\dimen113
\c_max_dim=\dimen114
\l_tmpa_dim=\dimen115
\l_tmpb_dim=\dimen116
\g_tmpa_dim=\dimen117
\g_tmpb_dim=\dimen118
\c_zero_skip=\skip43
\c_max_skip=\skip44
\l_tmpa_skip=\skip45
\l_tmpb_skip=\skip46
\g_tmpa_skip=\skip47
\g_tmpb_skip=\skip48
\c_zero_muskip=\muskip10
\c_max_muskip=\muskip11
\l_tmpa_muskip=\muskip12
\l_tmpb_muskip=\muskip13
\g_tmpa_muskip=\muskip14
\g_tmpb_muskip=\muskip15
L3 Module: l3keys 2016/09/21 v6711 L3 Key-value interfaces
\l_keys_choice_int=\count103
L3 Module: l3fp 2016/08/19 v6685 L3 Floating points
\c__fp_leading_shift_int=\count104
\c__fp_middle_shift_int=\count105
\c__fp_trailing_shift_int=\count106
\c__fp_big_leading_shift_int=\count107
\c__fp_big_middle_shift_int=\count108
\c__fp_big_trailing_shift_int=\count109
\c__fp_Bigg_leading_shift_int=\count110
\c__fp_Bigg_middle_shift_int=\count111
\c__fp_Bigg_trailing_shift_int=\count112
L3 Module: l3box 2016/08/19 v6685 L3 Experimental boxes
\c_empty_box=\box28
\l_tmpa_box=\box29
\l_tmpb_box=\box30
\g_tmpa_box=\box31
\g_tmpb_box=\box32
L3 Module: l3coffins 2016/08/19 v6685 L3 Coffin code layer
\l__coffin_internal_box=\box33
\l__coffin_internal_dim=\dimen119
\l__coffin_offset_x_dim=\dimen120
\l__coffin_offset_y_dim=\dimen121
\l__coffin_x_dim=\dimen122
\l__coffin_y_dim=\dimen123
\l__coffin_x_prime_dim=\dimen124
\l__coffin_y_prime_dim=\dimen125
\c_empty_coffin=\box34
\l__coffin_aligned_coffin=\box35
\l__coffin_aligned_internal_coffin=\box36
\l_tmpa_coffin=\box37
\l_tmpb_coffin=\box38
\l__coffin_display_coffin=\box39
\l__coffin_display_coord_coffin=\box40
\l__coffin_display_pole_coffin=\box41
\l__coffin_display_offset_dim=\dimen126
\l__coffin_display_x_dim=\dimen127
\l__coffin_display_y_dim=\dimen128
L3 Module: l3color 2016/06/13 v6596 L3 Experimental color support
L3 Module: l3sys 2015/09/25 v6087 L3 Experimental system/runtime functions
L3 Module: l3candidates 2016/08/19 v6688 L3 Experimental additions to l3kernel
\l__box_top_dim=\dimen129
\l__box_bottom_dim=\dimen130
\l__box_left_dim=\dimen131
\l__box_right_dim=\dimen132
\l__box_top_new_dim=\dimen133
\l__box_bottom_new_dim=\dimen134
\l__box_left_new_dim=\dimen135
\l__box_right_new_dim=\dimen136
\l__box_internal_box=\box42
\l__coffin_bounding_shift_dim=\dimen137
\l__coffin_left_corner_dim=\dimen138
\l__coffin_right_corner_dim=\dimen139
\l__coffin_bottom_corner_dim=\dimen140
\l__coffin_top_corner_dim=\dimen141
\l__coffin_scaled_total_height_dim=\dimen142
\l__coffin_scaled_width_dim=\dimen143
L3 Module: l3luatex 2016/08/18 v6679 L3 Experimental LuaTeX-specific functions
)
(d:/texlive/2016/texmf-dist/tex/latex/l3kernel/l3pdfmode.def
File: l3pdfmode.def 2016/08/18 v6679 L3 Experimental driver: PDF mode
\l__driver_color_stack_int=\count113
\l__driver_tmp_box=\box43
))
Package: xparse 2016/10/19 v6730 L3 Experimental document command parser
\l__xparse_current_arg_int=\count114
\l__xparse_m_args_int=\count115
\l__xparse_mandatory_args_int=\count116
\l__xparse_processor_int=\count117
\l__xparse_v_nesting_int=\count118
)
(d:/texlive/2016/texmf-dist/tex/latex/caption/caption.sty
Package: caption 2016/02/21 v3.3-144 Customizing captions (AR)

(d:/texlive/2016/texmf-dist/tex/latex/caption/caption3.sty
Package: caption3 2016/05/22 v1.7-166 caption3 kernel (AR)
Package caption3 Info: TeX engine: e-TeX on input line 67.
\captionmargin=\dimen144
\captionmargin@=\dimen145
\captionwidth=\dimen146
\caption@tempdima=\dimen147
\caption@indent=\dimen148
\caption@parindent=\dimen149
\caption@hangindent=\dimen150
)
\c@ContinuedFloat=\count119
Package caption Info: float package is loaded.
)
(d:/texlive/2016/texmf-dist/tex/latex/mathtools/mathtools.sty
Package: mathtools 2015/11/12 v1.18 mathematical typesetting tools

(d:/texlive/2016/texmf-dist/tex/latex/tools/calc.sty
Package: calc 2014/10/28 v4.3 Infix arithmetic (KKT,FJ)
\calc@Acount=\count120
\calc@Bcount=\count121
\calc@Adimen=\dimen151
\calc@Bdimen=\dimen152
\calc@Askip=\skip49
\calc@Bskip=\skip50
LaTeX Info: Redefining \setlength on input line 80.
LaTeX Info: Redefining \addtolength on input line 81.
\calc@Ccount=\count122
\calc@Cskip=\skip51
)
(d:/texlive/2016/texmf-dist/tex/latex/mathtools/mhsetup.sty
Package: mhsetup 2010/01/21 v1.2a programming setup (MH)
)
(d:/texlive/2016/texmf-dist/tex/latex/amsmath/amsmath.sty
Package: amsmath 2016/06/28 v2.15d AMS math features
\@mathmargin=\skip52

For additional information on amsmath, use the `?' option.
(d:/texlive/2016/texmf-dist/tex/latex/amsmath/amstext.sty
Package: amstext 2000/06/29 v2.01 AMS text

(d:/texlive/2016/texmf-dist/tex/latex/amsmath/amsgen.sty
File: amsgen.sty 1999/11/30 v2.0 generic functions
\@emptytoks=\toks18
\ex@=\dimen153
))
(d:/texlive/2016/texmf-dist/tex/latex/amsmath/amsbsy.sty
Package: amsbsy 1999/11/29 v1.2d Bold Symbols
\pmbraise@=\dimen154
)
(d:/texlive/2016/texmf-dist/tex/latex/amsmath/amsopn.sty
Package: amsopn 2016/03/08 v2.02 operator names
)
\inf@bad=\count123
LaTeX Info: Redefining \frac on input line 199.
\uproot@=\count124
\leftroot@=\count125
LaTeX Info: Redefining \overline on input line 297.
\classnum@=\count126
\DOTSCASE@=\count127
LaTeX Info: Redefining \ldots on input line 394.
LaTeX Info: Redefining \dots on input line 397.
LaTeX Info: Redefining \cdots on input line 518.
\Mathstrutbox@=\box44
\strutbox@=\box45
\big@size=\dimen155
LaTeX Font Info:    Redeclaring font encoding OML on input line 634.
LaTeX Font Info:    Redeclaring font encoding OMS on input line 635.
\macc@depth=\count128
\c@MaxMatrixCols=\count129
\dotsspace@=\muskip16
\c@parentequation=\count130
\dspbrk@lvl=\count131
\tag@help=\toks19
\row@=\count132
\column@=\count133
\maxfields@=\count134
\andhelp@=\toks20
\eqnshift@=\dimen156
\alignsep@=\dimen157
\tagshift@=\dimen158
\tagwidth@=\dimen159
\totwidth@=\dimen160
\lineht@=\dimen161
\@envbody=\toks21
\multlinegap=\skip53
\multlinetaggap=\skip54
\mathdisplay@stack=\toks22
LaTeX Info: Redefining \[ on input line 2739.
LaTeX Info: Redefining \] on input line 2740.
)
LaTeX Info: Thecontrolsequence`\('isalreadyrobust on input line 129.
LaTeX Info: Thecontrolsequence`\)'isalreadyrobust on input line 129.
LaTeX Info: Thecontrolsequence`\['isalreadyrobust on input line 129.
LaTeX Info: Thecontrolsequence`\]'isalreadyrobust on input line 129.
\g_MT_multlinerow_int=\count135
\l_MT_multwidth_dim=\dimen162
\origjot=\skip55
\l_MT_shortvdotswithinadjustabove_dim=\dimen163
\l_MT_shortvdotswithinadjustbelow_dim=\dimen164
\l_MT_above_intertext_sep=\dimen165
\l_MT_below_intertext_sep=\dimen166
\l_MT_above_shortintertext_sep=\dimen167
\l_MT_below_shortintertext_sep=\dimen168
)
(d:/texlive/2016/texmf-dist/tex/latex/base/ifthen.sty
Package: ifthen 2014/09/29 v1.1c Standard LaTeX ifthen package (DPC)
)
(d:/texlive/2016/texmf-dist/tex/latex/soul/soul.sty
Package: soul 2003/11/17 v2.4 letterspacing/underlining (mf)
\SOUL@word=\toks23
\SOUL@lasttoken=\toks24
\SOUL@cmds=\toks25
\SOUL@buffer=\toks26
\SOUL@token=\toks27
\SOUL@spaceskip=\skip56
\SOUL@ttwidth=\dimen169
\SOUL@uldp=\dimen170
\SOUL@ulht=\dimen171
)
(d:/texlive/2016/texmf-dist/tex/latex/tools/multicol.sty
Package: multicol 2016/04/07 v1.8p multicolumn formatting (FMi)
\c@tracingmulticols=\count136
\mult@box=\box46
\multicol@leftmargin=\dimen172
\c@unbalance=\count137
\c@collectmore=\count138
\doublecol@number=\count139
\multicoltolerance=\count140
\multicolpretolerance=\count141
\full@width=\dimen173
\page@free=\dimen174
\premulticols=\dimen175
\postmulticols=\dimen176
\multicolsep=\skip57
\multicolbaselineskip=\skip58
\partial@page=\box47
\last@line=\box48
\maxbalancingoverflow=\dimen177
\mult@rightbox=\box49
\mult@grightbox=\box50
\mult@gfirstbox=\box51
\mult@firstbox=\box52
\@tempa=\box53
\@tempa=\box54
\@tempa=\box55
\@tempa=\box56
\@tempa=\box57
\@tempa=\box58
\@tempa=\box59
\@tempa=\box60
\@tempa=\box61
\@tempa=\box62
\@tempa=\box63
\@tempa=\box64
\@tempa=\box65
\@tempa=\box66
\@tempa=\box67
\@tempa=\box68
\@tempa=\box69
\c@columnbadness=\count142
\c@finalcolumnbadness=\count143
\last@try=\dimen178
\multicolovershoot=\dimen179
\multicolundershoot=\dimen180
\mult@nat@firstbox=\box70
\colbreak@box=\box71
\mc@col@check@num=\count144
)
(d:/texlive/2016/texmf-dist/tex/generic/babel/babel.sty
Package: babel 2016/04/23 3.9r The Babel package

(d:/texlive/2016/texmf-dist/tex/generic/babel-english/english.ldf
Language: english 2012/08/20 v3.3p English support from the babel system

(d:/texlive/2016/texmf-dist/tex/generic/babel/babel.def
File: babel.def 2016/04/23 3.9r Babel common definitions
\babel@savecnt=\count145
\U@D=\dimen181
)
\l@canadian = a dialect from \language\l@american 
\l@australian = a dialect from \language\l@british 
\l@newzealand = a dialect from \language\l@british 
))
(d:/texlive/2016/texmf-dist/tex/latex/csquotes/csquotes.sty
Package: csquotes 2016/07/14 v5.1h context-sensitive quotations (JAW)

(d:/texlive/2016/texmf-dist/tex/latex/etoolbox/etoolbox.sty
Package: etoolbox 2015/08/02 v2.2a e-TeX tools for LaTeX (JAW)
\etb@tempcnta=\count146
)
\csq@reset=\count147
\csq@gtype=\count148
\csq@glevel=\count149
\csq@qlevel=\count150
\csq@maxlvl=\count151
\csq@tshold=\count152
\csq@ltx@everypar=\toks28

(d:/texlive/2016/texmf-dist/tex/latex/csquotes/csquotes.def
File: csquotes.def 2016/07/14 v5.1h csquotes generic definitions (JAW)
)
Package csquotes Info: Trying to load configuration file 'csquotes.cfg'...
Package csquotes Info: ... configuration file loaded successfully.

(d:/texlive/2016/texmf-dist/tex/latex/csquotes/csquotes.cfg
File: csquotes.cfg 
))
(d:/texlive/2016/texmf-dist/tex/latex/biblatex/biblatex.sty
Package: biblatex 2016/09/17 v3.6 programmable bibliographies (PK/JW/AB)

(d:/texlive/2016/texmf-dist/tex/generic/oberdiek/pdftexcmds.sty
Package: pdftexcmds 2016/05/21 v0.22 Utility functions of pdfTeX for LuaTeX (HO
)

(d:/texlive/2016/texmf-dist/tex/generic/oberdiek/ifluatex.sty
Package: ifluatex 2016/05/16 v1.4 Provides the ifluatex switch (HO)
Package ifluatex Info: LuaTeX not detected.
)
Package pdftexcmds Info: LuaTeX not detected.
Package pdftexcmds Info: \pdf@primitive is available.
Package pdftexcmds Info: \pdf@ifprimitive is available.
Package pdftexcmds Info: \pdfdraftmode found.
)
(d:/texlive/2016/texmf-dist/tex/latex/oberdiek/kvoptions.sty
Package: kvoptions 2016/05/16 v3.12 Key value format for package options (HO)

(d:/texlive/2016/texmf-dist/tex/generic/oberdiek/kvsetkeys.sty
Package: kvsetkeys 2016/05/16 v1.17 Key value parser (HO)

(d:/texlive/2016/texmf-dist/tex/generic/oberdiek/etexcmds.sty
Package: etexcmds 2016/05/16 v1.6 Avoid name clashes with e-TeX commands (HO)
Package etexcmds Info: Could not find \expanded.
(etexcmds)             That can mean that you are not using pdfTeX 1.50 or
(etexcmds)             that some package has redefined \expanded.
(etexcmds)             In the latter case, load this package earlier.
)))
(d:/texlive/2016/texmf-dist/tex/latex/logreq/logreq.sty
Package: logreq 2010/08/04 v1.0 xml request logger
\lrq@indent=\count153

(d:/texlive/2016/texmf-dist/tex/latex/logreq/logreq.def
File: logreq.def 2010/08/04 v1.0 logreq spec v1.0
))
(d:/texlive/2016/texmf-dist/tex/latex/url/url.sty
\Urlmuskip=\muskip17
Package: url 2013/09/16  ver 3.4  Verb mode for urls, etc.
)
(d:/texlive/2016/texmf-dist/tex/generic/xstring/xstring.sty
(d:/texlive/2016/texmf-dist/tex/generic/xstring/xstring.tex
\@xs@message=\write3
\integerpart=\count154
\decimalpart=\count155
)
Package: xstring 2013/10/13  v1.7c  String manipulations (C Tellechea)
)
\c@tabx@nest=\count156
\c@listtotal=\count157
\c@listcount=\count158
\c@liststart=\count159
\c@liststop=\count160
\c@citecount=\count161
\c@citetotal=\count162
\c@multicitecount=\count163
\c@multicitetotal=\count164
\c@instcount=\count165
\c@maxnames=\count166
\c@minnames=\count167
\c@maxitems=\count168
\c@minitems=\count169
\c@citecounter=\count170
\c@savedcitecounter=\count171
\c@uniquelist=\count172
\c@uniquename=\count173
\c@refsection=\count174
\c@refsegment=\count175
\c@maxextratitle=\count176
\c@maxextratitleyear=\count177
\c@maxextrayear=\count178
\c@maxextraalpha=\count179
\c@abbrvpenalty=\count180
\c@highnamepenalty=\count181
\c@lownamepenalty=\count182
\c@maxparens=\count183
\c@parenlevel=\count184
\blx@tempcnta=\count185
\blx@tempcntb=\count186
\blx@tempcntc=\count187
\blx@maxsection=\count188
\blx@maxsegment@0=\count189
\blx@notetype=\count190
\blx@parenlevel@text=\count191
\blx@parenlevel@foot=\count192
\blx@sectionciteorder@0=\count193
\labelnumberwidth=\skip59
\labelalphawidth=\skip60
\biblabelsep=\skip61
\bibitemsep=\skip62
\bibnamesep=\skip63
\bibinitsep=\skip64
\bibparsep=\skip65
\bibhang=\skip66
\blx@bcfin=\read1
\blx@bcfout=\write4
\c@mincomprange=\count194
\c@maxcomprange=\count195
\c@mincompwidth=\count196
Package biblatex Info: Trying to load biblatex default data model...
Package biblatex Info: ... file 'blx-dm.def' found.

(d:/texlive/2016/texmf-dist/tex/latex/biblatex/blx-dm.def)
Package biblatex Info: Trying to load biblatex style data model...
Package biblatex Info: ... file 'ieee.dbx' not found.
Package biblatex Info: Trying to load biblatex custom data model...
Package biblatex Info: ... file 'biblatex-dm.cfg' not found.
\c@afterword=\count197
\c@savedafterword=\count198
\c@annotator=\count199
\c@savedannotator=\count266
\c@author=\count267
\c@savedauthor=\count268
\c@bookauthor=\count269
\c@savedbookauthor=\count270
\c@commentator=\count271
\c@savedcommentator=\count272
\c@editor=\count273
\c@savededitor=\count274
\c@editora=\count275
\c@savededitora=\count276
\c@editorb=\count277
\c@savededitorb=\count278
\c@editorc=\count279
\c@savededitorc=\count280
\c@foreword=\count281
\c@savedforeword=\count282
\c@holder=\count283
\c@savedholder=\count284
\c@introduction=\count285
\c@savedintroduction=\count286
\c@namea=\count287
\c@savednamea=\count288
\c@nameb=\count289
\c@savednameb=\count290
\c@namec=\count291
\c@savednamec=\count292
\c@translator=\count293
\c@savedtranslator=\count294
\c@shortauthor=\count295
\c@savedshortauthor=\count296
\c@shorteditor=\count297
\c@savedshorteditor=\count298
\c@labelname=\count299
\c@savedlabelname=\count300
\c@institution=\count301
\c@savedinstitution=\count302
\c@lista=\count303
\c@savedlista=\count304
\c@listb=\count305
\c@savedlistb=\count306
\c@listc=\count307
\c@savedlistc=\count308
\c@listd=\count309
\c@savedlistd=\count310
\c@liste=\count311
\c@savedliste=\count312
\c@listf=\count313
\c@savedlistf=\count314
\c@location=\count315
\c@savedlocation=\count316
\c@organization=\count317
\c@savedorganization=\count318
\c@origlocation=\count319
\c@savedoriglocation=\count320
\c@origpublisher=\count321
\c@savedorigpublisher=\count322
\c@publisher=\count323
\c@savedpublisher=\count324
\c@language=\count325
\c@savedlanguage=\count326
\c@pageref=\count327
\c@savedpageref=\count328
\shorthandwidth=\skip67
\shortjournalwidth=\skip68
\shortserieswidth=\skip69
\shorttitlewidth=\skip70
\shortauthorwidth=\skip71
\shorteditorwidth=\skip72
Package biblatex Info: Trying to load compatibility code...
Package biblatex Info: ... file 'blx-compat.def' found.

(d:/texlive/2016/texmf-dist/tex/latex/biblatex/blx-compat.def
File: blx-compat.def 2016/09/17 v3.6 biblatex compatibility (PK/JW/AB)
)
Package biblatex Info: Trying to load generic definitions...
Package biblatex Info: ... file 'biblatex.def' found.

(d:/texlive/2016/texmf-dist/tex/latex/biblatex/biblatex.def
File: biblatex.def 2016/09/17 v3.6 biblatex compatibility (PK/JW/AB)
\c@textcitecount=\count329
\c@textcitetotal=\count330
\c@textcitemaxnames=\count331
\c@biburlnumpenalty=\count332
\c@biburlucpenalty=\count333
\c@biburllcpenalty=\count334
\c@smartand=\count335
)
Package biblatex Info: Trying to load bibliography style 'ieee'...
Package biblatex Info: ... file 'ieee.bbx' found.

(d:/texlive/2016/texmf-dist/tex/latex/biblatex-ieee/ieee.bbx
File: ieee.bbx 2016/08/31 v1.1q biblatex bibliography style
Package biblatex Info: Trying to load bibliography style 'numeric-comp'...
Package biblatex Info: ... file 'numeric-comp.bbx' found.

(d:/texlive/2016/texmf-dist/tex/latex/biblatex/bbx/numeric-comp.bbx
File: numeric-comp.bbx 2016/09/17 v3.6 biblatex bibliography style (PK/JW/AB)
Package biblatex Info: Trying to load bibliography style 'numeric'...
Package biblatex Info: ... file 'numeric.bbx' found.

(d:/texlive/2016/texmf-dist/tex/latex/biblatex/bbx/numeric.bbx
File: numeric.bbx 2016/09/17 v3.6 biblatex bibliography style (PK/JW/AB)
Package biblatex Info: Trying to load bibliography style 'standard'...
Package biblatex Info: ... file 'standard.bbx' found.

(d:/texlive/2016/texmf-dist/tex/latex/biblatex/bbx/standard.bbx
File: standard.bbx 2016/09/17 v3.6 biblatex bibliography style (PK/JW/AB)
\c@bbx:relatedcount=\count336
\c@bbx:relatedtotal=\count337
))))
Package biblatex Info: Trying to load citation style 'ieee'...
Package biblatex Info: ... file 'ieee.cbx' found.

(d:/texlive/2016/texmf-dist/tex/latex/biblatex-ieee/ieee.cbx
File: ieee.cbx 2016/08/31 v1.1q biblatex citation style
Package biblatex Info: Trying to load citation style 'numeric-comp'...
Package biblatex Info: ... file 'numeric-comp.cbx' found.

(d:/texlive/2016/texmf-dist/tex/latex/biblatex/cbx/numeric-comp.cbx
File: numeric-comp.cbx 2016/09/17 v3.6 biblatex citation style (PK/JW/AB)
\c@cbx@tempcnta=\count338
\c@cbx@tempcntb=\count339
Package biblatex Info: Redefining '\cite'.
Package biblatex Info: Redefining '\parencite'.
Package biblatex Info: Redefining '\footcite'.
Package biblatex Info: Redefining '\footcitetext'.
Package biblatex Info: Redefining '\smartcite'.
Package biblatex Info: Redefining '\supercite'.
Package biblatex Info: Redefining '\textcite'.
Package biblatex Info: Redefining '\textcites'.
Package biblatex Info: Redefining '\cites'.
Package biblatex Info: Redefining '\parencites'.
Package biblatex Info: Redefining '\smartcites'.
)
Package biblatex Info: Redefining '\cite'.
Package biblatex Info: Redefining '\cites'.
)
Package biblatex Info: Trying to load configuration file...
Package biblatex Info: ... file 'biblatex.cfg' found.

(d:/texlive/2016/texmf-dist/tex/latex/biblatex/biblatex.cfg
File: biblatex.cfg 
))
(d:/texlive/2016/texmf-dist/tex/latex/hyperref/hyperref.sty
Package: hyperref 2016/06/24 v6.83q Hypertext links for LaTeX

(d:/texlive/2016/texmf-dist/tex/generic/oberdiek/hobsub-hyperref.sty
Package: hobsub-hyperref 2016/05/16 v1.14 Bundle oberdiek, subset hyperref (HO)


(d:/texlive/2016/texmf-dist/tex/generic/oberdiek/hobsub-generic.sty
Package: hobsub-generic 2016/05/16 v1.14 Bundle oberdiek, subset generic (HO)
Package: hobsub 2016/05/16 v1.14 Construct package bundles (HO)
Package hobsub Info: Skipping package `infwarerr' (already loaded).
Package hobsub Info: Skipping package `ltxcmds' (already loaded).
Package hobsub Info: Skipping package `ifluatex' (already loaded).
Package hobsub Info: Skipping package `ifvtex' (already loaded).
Package: intcalc 2016/05/16 v1.2 Expandable calculations with integers (HO)
Package hobsub Info: Skipping package `ifpdf' (already loaded).
Package hobsub Info: Skipping package `etexcmds' (already loaded).
Package hobsub Info: Skipping package `kvsetkeys' (already loaded).
Package: kvdefinekeys 2016/05/16 v1.4 Define keys (HO)
Package hobsub Info: Skipping package `pdftexcmds' (already loaded).
Package: pdfescape 2016/05/16 v1.14 Implements pdfTeX's escape features (HO)
Package: bigintcalc 2016/05/16 v1.4 Expandable calculations on big integers (HO
)
Package: bitset 2016/05/16 v1.2 Handle bit-vector datatype (HO)
Package: uniquecounter 2016/05/16 v1.3 Provide unlimited unique counter (HO)
)
Package hobsub Info: Skipping package `hobsub' (already loaded).
Package: letltxmacro 2016/05/16 v1.5 Let assignment for LaTeX macros (HO)
Package: hopatch 2016/05/16 v1.3 Wrapper for package hooks (HO)
Package: xcolor-patch 2016/05/16 xcolor patch
Package: atveryend 2016/05/16 v1.9 Hooks at the very end of document (HO)
Package: atbegshi 2016/06/09 v1.18 At begin shipout hook (HO)
Package: refcount 2016/05/16 v3.5 Data extraction from label references (HO)
Package: hycolor 2016/05/16 v1.8 Color options for hyperref/bookmark (HO)
)
(d:/texlive/2016/texmf-dist/tex/latex/oberdiek/auxhook.sty
Package: auxhook 2016/05/16 v1.4 Hooks for auxiliary files (HO)
)
\@linkdim=\dimen182
\Hy@linkcounter=\count340
\Hy@pagecounter=\count341

(d:/texlive/2016/texmf-dist/tex/latex/hyperref/pd1enc.def
File: pd1enc.def 2016/06/24 v6.83q Hyperref: PDFDocEncoding definition (HO)
)
\Hy@SavedSpaceFactor=\count342

(d:/texlive/2016/texmf-dist/tex/latex/latexconfig/hyperref.cfg
File: hyperref.cfg 2002/06/06 v1.2 hyperref configuration of TeXLive
)
Package hyperref Info: Hyper figures OFF on input line 4486.
Package hyperref Info: Link nesting OFF on input line 4491.
Package hyperref Info: Hyper index ON on input line 4494.
Package hyperref Info: Plain pages OFF on input line 4501.
Package hyperref Info: Backreferencing OFF on input line 4506.
Package hyperref Info: Implicit mode ON; LaTeX internals redefined.
Package hyperref Info: Bookmarks ON on input line 4735.
\c@Hy@tempcnt=\count343
LaTeX Info: Redefining \url on input line 5088.
\XeTeXLinkMargin=\dimen183
\Fld@menulength=\count344
\Field@Width=\dimen184
\Fld@charsize=\dimen185
Package hyperref Info: Hyper figures OFF on input line 6342.
Package hyperref Info: Link nesting OFF on input line 6347.
Package hyperref Info: Hyper index ON on input line 6350.
Package hyperref Info: backreferencing OFF on input line 6357.
Package hyperref Info: Link coloring OFF on input line 6362.
Package hyperref Info: Link coloring with OCG OFF on input line 6367.
Package hyperref Info: PDF/A mode OFF on input line 6372.
LaTeX Info: Redefining \ref on input line 6412.
LaTeX Info: Redefining \pageref on input line 6416.
\Hy@abspage=\count345
\c@Item=\count346
\c@Hfootnote=\count347
)

Package hyperref Message: Driver (autodetected): hpdftex.

(d:/texlive/2016/texmf-dist/tex/latex/hyperref/hpdftex.def
File: hpdftex.def 2016/06/24 v6.83q Hyperref driver for pdfTeX
\Fld@listcount=\count348
\c@bookmark@seq@number=\count349

(d:/texlive/2016/texmf-dist/tex/latex/oberdiek/rerunfilecheck.sty
Package: rerunfilecheck 2016/05/16 v1.8 Rerun checks for auxiliary files (HO)
Package uniquecounter Info: New unique counter `rerunfilecheck' on input line 2
82.
)
\Hy@SectionHShift=\skip73
)
Package hyperref Info: Option `colorlinks' set `true' on input line 23.
.................................................
. LaTeX info: "xparse/define-command"
. 
. Defining command \graphic with sig. 'm' on line 108.
.................................................
.................................................
. LaTeX info: "xparse/define-command"
. 
. Defining command \BPPage with sig. 'm' on line 172.
.................................................
Package csquotes Info: Checking for multilingual support...
Package csquotes Info: ... found 'babel' package.
Package csquotes Info: Adjusting default style.
Package csquotes Info: Redefining alias 'default' -> 'american'.
Package biblatex Info: Trying to load language 'american'...
Package biblatex Info: ... file 'american.lbx' found.

(d:/texlive/2016/texmf-dist/tex/latex/biblatex/lbx/american.lbx
File: american.lbx 2016/09/17 v3.6 biblatex localization (PK/JW/AB)
Package biblatex Info: Trying to load language 'english'...
Package biblatex Info: ... file 'english.lbx' found.

(d:/texlive/2016/texmf-dist/tex/latex/biblatex/lbx/english.lbx
File: english.lbx 2016/09/17 v3.6 biblatex localization (PK/JW/AB)
))
(./Stats-documentation.aux)
\openout1 = `Stats-documentation.aux'.

LaTeX Font Info:    Checking defaults for OML/cmm/m/it on input line 176.
LaTeX Font Info:    ... okay on input line 176.
LaTeX Font Info:    Checking defaults for T1/cmr/m/n on input line 176.
LaTeX Font Info:    ... okay on input line 176.
LaTeX Font Info:    Checking defaults for OT1/cmr/m/n on input line 176.
LaTeX Font Info:    ... okay on input line 176.
LaTeX Font Info:    Checking defaults for OMS/cmsy/m/n on input line 176.
LaTeX Font Info:    ... okay on input line 176.
LaTeX Font Info:    Checking defaults for OMX/cmex/m/n on input line 176.
LaTeX Font Info:    ... okay on input line 176.
LaTeX Font Info:    Checking defaults for U/cmr/m/n on input line 176.
LaTeX Font Info:    ... okay on input line 176.
LaTeX Font Info:    Checking defaults for PD1/pdf/m/n on input line 176.
LaTeX Font Info:    ... okay on input line 176.

*geometry* driver: auto-detecting
*geometry* detected driver: pdftex
*geometry* verbose mode - [ preamble ] result:
* driver: pdftex
* paper: letterpaper
* layout: <same size as paper>
* layoutoffset:(h,v)=(0.0pt,0.0pt)
* modes: 
* h-part:(L,W,R)=(72.26999pt, 469.75502pt, 72.26999pt)
* v-part:(T,H,B)=(72.26999pt, 650.43001pt, 72.26999pt)
* \paperwidth=614.295pt
* \paperheight=794.96999pt
* \textwidth=469.75502pt
* \textheight=650.43001pt
* \oddsidemargin=0.0pt
* \evensidemargin=0.0pt
* \topmargin=-37.0pt
* \headheight=12.0pt
* \headsep=25.0pt
* \topskip=12.0pt
* \footskip=30.0pt
* \marginparwidth=44.0pt
* \marginparsep=10.0pt
* \columnsep=10.0pt
* \skip\footins=10.8pt plus 4.0pt minus 2.0pt
* \hoffset=0.0pt
* \voffset=0.0pt
* \mag=1000
* \@twocolumnfalse
* \@twosidefalse
* \@mparswitchfalse
* \@reversemarginfalse
* (1in=72.27pt=25.4mm, 1cm=28.453pt)

(d:/texlive/2016/texmf-dist/tex/context/base/mkii/supp-pdf.mkii
[Loading MPS to PDF converter (version 2006.09.02).]
\scratchcounter=\count350
\scratchdimen=\dimen186
\scratchbox=\box72
\nofMPsegments=\count351
\nofMParguments=\count352
\everyMPshowfont=\toks29
\MPscratchCnt=\count353
\MPscratchDim=\dimen187
\MPnumerator=\count354
\makeMPintoPDFobject=\count355
\everyMPtoPDFconversion=\toks30
) (d:/texlive/2016/texmf-dist/tex/latex/oberdiek/epstopdf-base.sty
Package: epstopdf-base 2016/05/15 v2.6 Base part for package epstopdf

(d:/texlive/2016/texmf-dist/tex/latex/oberdiek/grfext.sty
Package: grfext 2016/05/16 v1.2 Manage graphics extensions (HO)
)
Package epstopdf-base Info: Redefining graphics rule for `.eps' on input line 4
38.
Package grfext Info: Graphics extension search list:
(grfext)             [.png,.pdf,.jpg,.mps,.jpeg,.jbig2,.jb2,.PNG,.PDF,.JPG,.JPE
G,.JBIG2,.JB2,.eps]
(grfext)             \AppendGraphicsExtensions on input line 456.

(d:/texlive/2016/texmf-dist/tex/latex/latexconfig/epstopdf-sys.cfg
File: epstopdf-sys.cfg 2010/07/13 v1.3 Configuration of (r)epstopdf for TeX Liv
e
))
Package caption Info: Begin \AtBeginDocument code.
Package caption Info: hyperref package is loaded.
Package caption Info: End \AtBeginDocument code.
Package biblatex Info: No input encoding detected.
(biblatex)             Assuming 'ascii'.
Package biblatex Info: Automatic encoding selection.
(biblatex)             Assuming data encoding 'ascii'.
\openout4 = `Stats-documentation.bcf'.

Package biblatex Info: Trying to load bibliographic data...
Package biblatex Info: ... file 'Stats-documentation.bbl' found.

(./Stats-documentation.bbl)
Package biblatex Info: Reference section=0 on input line 176.
Package biblatex Info: Reference segment=0 on input line 176.
\AtBeginShipoutBox=\box73
Package hyperref Info: Link coloring ON on input line 176.

(d:/texlive/2016/texmf-dist/tex/latex/hyperref/nameref.sty
Package: nameref 2016/05/21 v2.44 Cross-referencing by name of section

(d:/texlive/2016/texmf-dist/tex/generic/oberdiek/gettitlestring.sty
Package: gettitlestring 2016/05/16 v1.5 Cleanup title references (HO)
)
\c@section@level=\count356
)
LaTeX Info: Redefining \ref on input line 176.
LaTeX Info: Redefining \pageref on input line 176.
LaTeX Info: Redefining \nameref on input line 176.

(./Stats-documentation.out) (./Stats-documentation.out)
\@outlinefile=\write5
\openout5 = `Stats-documentation.out'.

)
LaTeX Font Info:    Try loading font information for OMS+cmr on input line 8.

(d:/texlive/2016/texmf-dist/tex/latex/base/omscmr.fd
File: omscmr.fd 2014/09/29 v2.5h Standard LaTeX font definitions
)
LaTeX Font Info:    Font shape `OMS/cmr/m/n' in size <12> not available
(Font)              Font shape `OMS/cmsy/m/n' tried instead on input line 8.
\graphicWidth=\skip74

<stat-key.png, id=13, 282.5757pt x 195.8517pt>
File: stat-key.png Graphic file (type png)
 <use stat-key.png>
Package pdftex.def Info: stat-key.png used on input line 32.
(pdftex.def)             Requested size: 234.8775pt x 162.79892pt.


Package caption Warning: The option `hypcap=true' will be ignored for this
(caption)                particular \caption on input line 32.
See the caption package documentation for explanation.


Overfull \hbox (17.62482pt too wide) in paragraph at lines 32--32
[]$[]$ 
 []

[1

{d:/texlive/2016/texmf-var/fonts/map/pdftex/updmap/pdftex.map} <./stat-key.png>
]
\graphicWidth=\skip75
 <color-key.png, id=44, 188.6247pt x 174.1707pt>
File: color-key.png Graphic file (type png)
 <use color-key.png>
Package pdftex.def Info: color-key.png used on input line 49.
(pdftex.def)             Requested size: 234.8775pt x 216.89429pt.


Package caption Warning: The option `hypcap=true' will be ignored for this
(caption)                particular \caption on input line 49.
See the caption package documentation for explanation.


Overfull \hbox (17.62482pt too wide) in paragraph at lines 49--49
[]$[]$ 
 []

[2 <./color-key.png>] [3]
\graphicWidth=\skip76
 <base-pairs-mockup.jpg, id=58, 69.861pt x 90.0966pt>
File: base-pairs-mockup.jpg Graphic file (type jpg)

<use base-pairs-mockup.jpg>
Package pdftex.def Info: base-pairs-mockup.jpg used on input line 75.
(pdftex.def)             Requested size: 140.92793pt x 181.75172pt.


Package caption Warning: The option `hypcap=true' will be ignored for this
(caption)                particular \caption on input line 75.
See the caption package documentation for explanation.


Overfull \hbox (17.62482pt too wide) in paragraph at lines 75--75
[]$[]$ 
 []

\graphicWidth=\skip77
<base-pairs-vs-attack-plot.png, id=63, 578.16pt x 433.62pt>
File: base-pairs-vs-attack-plot.png Graphic file (type png)

<use base-pairs-vs-attack-plot.png>
Package pdftex.def Info: base-pairs-vs-attack-plot.png used on input line 89.
(pdftex.def)             Requested size: 469.75502pt x 352.31538pt.


Package caption Warning: The option `hypcap=true' will be ignored for this
(caption)                particular \caption on input line 89.
See the caption package documentation for explanation.


Overfull \hbox (17.62482pt too wide) in paragraph at lines 89--89
[]$[]$ 
 []

[4 <./base-pairs-mockup.jpg>] [5 <./base-pairs-vs-attack-plot.png>]
\graphicWidth=\skip78

<mutations-table.png, id=82, 282.5757pt x 130.8087pt>
File: mutations-table.png Graphic file (type png)

<use mutations-table.png>
Package pdftex.def Info: mutations-table.png used on input line 106.
(pdftex.def)             Requested size: 234.8775pt x 108.73285pt.


Package caption Warning: The option `hypcap=true' will be ignored for this
(caption)                particular \caption on input line 106.
See the caption package documentation for explanation.


Overfull \hbox (17.62482pt too wide) in paragraph at lines 106--106
[]$[]$ 
 []

[6 <./mutations-table.png>]
\graphicWidth=\skip79

<Standard-stat-low-levels-100-plot.png, id=98, 578.16pt x 433.62pt>
File: Standard-stat-low-levels-100-plot.png Graphic file (type png)

<use Standard-stat-low-levels-100-plot.png>
Package pdftex.def Info: Standard-stat-low-levels-100-plot.png used on input li
ne 155.
(pdftex.def)             Requested size: 469.75502pt x 352.31538pt.


Package caption Warning: The option `hypcap=true' will be ignored for this
(caption)                particular \caption on input line 155.
See the caption package documentation for explanation.


Overfull \hbox (17.62482pt too wide) in paragraph at lines 155--155
[]$[]$ 
 []

\graphicWidth=\skip80
[7]
<Standard-stat-low-levels-100-table.png, id=106, 564.30824pt x 195.73125pt>
File: Standard-stat-low-levels-100-table.png Graphic file (type png)

<use Standard-stat-low-levels-100-table.png>
Package pdftex.def Info: Standard-stat-low-levels-100-table.png used on input l
ine 162.
(pdftex.def)             Requested size: 469.75502pt x 162.94072pt.


Package caption Warning: The option `hypcap=true' will be ignored for this
(caption)                particular \caption on input line 162.
See the caption package documentation for explanation.


Overfull \hbox (17.62482pt too wide) in paragraph at lines 162--162
[]$[]$ 
 []

[8 <./Standard-stat-low-levels-100-plot.png> <./Standard-stat-low-levels-100-ta
ble.png>]
\graphicWidth=\skip81

<Standard-stat-overview-1-table.png, id=113, 376.5267pt x 195.8517pt>
File: Standard-stat-overview-1-table.png Graphic file (type png)

<use Standard-stat-overview-1-table.png>
Package pdftex.def Info: Standard-stat-overview-1-table.png used on input line 
167.
(pdftex.def)             Requested size: 234.8775pt x 122.1739pt.
\graphicWidth=\skip82

<Standard-stat-overview-1-plot.png, id=114, 578.16pt x 433.62pt>
File: Standard-stat-overview-1-plot.png Graphic file (type png)

<use Standard-stat-overview-1-plot.png>
Package pdftex.def Info: Standard-stat-overview-1-plot.png used on input line 1
67.
(pdftex.def)             Requested size: 234.8775pt x 176.15768pt.

Overfull \hbox (2.61107pt too wide) in paragraph at lines 167--167
[] [] 
 []

\graphicWidth=\skip83
<Standard-stat-overview-50-table.png, id=115, 376.5267pt x 195.8517pt>
File: Standard-stat-overview-50-table.png Graphic file (type png)

<use Standard-stat-overview-50-table.png>
Package pdftex.def Info: Standard-stat-overview-50-table.png used on input line
 167.
(pdftex.def)             Requested size: 234.8775pt x 122.1739pt.
\graphicWidth=\skip84

<Standard-stat-overview-50-plot.png, id=116, 578.16pt x 433.62pt>
File: Standard-stat-overview-50-plot.png Graphic file (type png)

<use Standard-stat-overview-50-plot.png>
Package pdftex.def Info: Standard-stat-overview-50-plot.png used on input line 
167.
(pdftex.def)             Requested size: 234.8775pt x 176.15768pt.

Overfull \hbox (2.61107pt too wide) in paragraph at lines 167--167
[] [] 
 []

\graphicWidth=\skip85
<Standard-stat-overview-100-table.png, id=117, 376.5267pt x 195.8517pt>
File: Standard-stat-overview-100-table.png Graphic file (type png)

<use Standard-stat-overview-100-table.png>
Package pdftex.def Info: Standard-stat-overview-100-table.png used on input lin
e 167.
(pdftex.def)             Requested size: 234.8775pt x 122.1739pt.
\graphicWidth=\skip86

<Standard-stat-overview-100-plot.png, id=118, 578.16pt x 433.62pt>
File: Standard-stat-overview-100-plot.png Graphic file (type png)

<use Standard-stat-overview-100-plot.png>
Package pdftex.def Info: Standard-stat-overview-100-plot.png used on input line
 167.
(pdftex.def)             Requested size: 234.8775pt x 176.15768pt.

Overfull \hbox (2.61107pt too wide) in paragraph at lines 167--167
[] [] 
 []


Package caption Warning: The option `hypcap=true' will be ignored for this
(caption)                particular \caption on input line 167.
See the caption package documentation for explanation.

[9 <./Standard-stat-overview-1-table.png> <./Standard-stat-overview-1-plot.png>
 <./Standard-stat-overview-50-table.png> <./Standard-stat-overview-50-plot.png>
 <./Standard-stat-overview-100-table.png> <./Standard-stat-overview-100-plot.pn
g>] [10]
\graphicWidth=\skip87
 <HP-overview-1-table.png, id=139, 376.5267pt x 195.8517pt>
File: HP-overview-1-table.png Graphic file (type png)

<use HP-overview-1-table.png>
Package pdftex.def Info: HP-overview-1-table.png used on input line 187.
(pdftex.def)             Requested size: 234.8775pt x 122.1739pt.
\graphicWidth=\skip88

<HP-overview-1-plot.png, id=140, 578.16pt x 433.62pt>
File: HP-overview-1-plot.png Graphic file (type png)

<use HP-overview-1-plot.png>
Package pdftex.def Info: HP-overview-1-plot.png used on input line 187.
(pdftex.def)             Requested size: 234.8775pt x 176.15768pt.

Overfull \hbox (2.61107pt too wide) in paragraph at lines 187--187
[] [] 
 []

\graphicWidth=\skip89
<HP-overview-50-table.png, id=141, 376.5267pt x 195.8517pt>
File: HP-overview-50-table.png Graphic file (type png)

<use HP-overview-50-table.png>
Package pdftex.def Info: HP-overview-50-table.png used on input line 187.
(pdftex.def)             Requested size: 234.8775pt x 122.1739pt.
\graphicWidth=\skip90

<HP-overview-50-plot.png, id=142, 578.16pt x 433.62pt>
File: HP-overview-50-plot.png Graphic file (type png)

<use HP-overview-50-plot.png>
Package pdftex.def Info: HP-overview-50-plot.png used on input line 187.
(pdftex.def)             Requested size: 234.8775pt x 176.15768pt.

Overfull \hbox (2.61107pt too wide) in paragraph at lines 187--187
[] [] 
 []

\graphicWidth=\skip91
<HP-overview-100-table.png, id=143, 376.5267pt x 195.8517pt>
File: HP-overview-100-table.png Graphic file (type png)

<use HP-overview-100-table.png>
Package pdftex.def Info: HP-overview-100-table.png used on input line 187.
(pdftex.def)             Requested size: 234.8775pt x 122.1739pt.
\graphicWidth=\skip92

<HP-overview-100-plot.png, id=144, 578.16pt x 433.62pt>
File: HP-overview-100-plot.png Graphic file (type png)

<use HP-overview-100-plot.png>
Package pdftex.def Info: HP-overview-100-plot.png used on input line 187.
(pdftex.def)             Requested size: 234.8775pt x 176.15768pt.

Overfull \hbox (2.61107pt too wide) in paragraph at lines 187--187
[] [] 
 []


Package caption Warning: The option `hypcap=true' will be ignored for this
(caption)                particular \caption on input line 187.
See the caption package documentation for explanation.

[11 <./HP-overview-1-table.png> <./HP-overview-1-plot.png> <./HP-overview-50-ta
ble.png> <./HP-overview-50-plot.png> <./HP-overview-100-table.png> <./HP-overvi
ew-100-plot.png>] [12]
\graphicWidth=\skip93

<Haste-overview-1-table.png, id=165, 376.5267pt x 195.8517pt>
File: Haste-overview-1-table.png Graphic file (type png)

<use Haste-overview-1-table.png>
Package pdftex.def Info: Haste-overview-1-table.png used on input line 228.
(pdftex.def)             Requested size: 234.8775pt x 122.1739pt.
\graphicWidth=\skip94

<Haste-overview-1-plot.png, id=166, 578.16pt x 433.62pt>
File: Haste-overview-1-plot.png Graphic file (type png)

<use Haste-overview-1-plot.png>
Package pdftex.def Info: Haste-overview-1-plot.png used on input line 228.
(pdftex.def)             Requested size: 234.8775pt x 176.15768pt.

Overfull \hbox (2.61107pt too wide) in paragraph at lines 228--228
[] [] 
 []

\graphicWidth=\skip95
<Haste-overview-50-table.png, id=167, 376.5267pt x 195.8517pt>
File: Haste-overview-50-table.png Graphic file (type png)

<use Haste-overview-50-table.png>
Package pdftex.def Info: Haste-overview-50-table.png used on input line 228.
(pdftex.def)             Requested size: 234.8775pt x 122.1739pt.
\graphicWidth=\skip96

<Haste-overview-50-plot.png, id=168, 578.16pt x 433.62pt>
File: Haste-overview-50-plot.png Graphic file (type png)

<use Haste-overview-50-plot.png>
Package pdftex.def Info: Haste-overview-50-plot.png used on input line 228.
(pdftex.def)             Requested size: 234.8775pt x 176.15768pt.

Overfull \hbox (2.61107pt too wide) in paragraph at lines 228--228
[] [] 
 []

\graphicWidth=\skip97
<Haste-overview-100-table.png, id=169, 376.5267pt x 195.8517pt>
File: Haste-overview-100-table.png Graphic file (type png)

<use Haste-overview-100-table.png>
Package pdftex.def Info: Haste-overview-100-table.png used on input line 228.
(pdftex.def)             Requested size: 234.8775pt x 122.1739pt.
\graphicWidth=\skip98

<Haste-overview-100-plot.png, id=170, 578.16pt x 433.62pt>
File: Haste-overview-100-plot.png Graphic file (type png)

<use Haste-overview-100-plot.png>
Package pdftex.def Info: Haste-overview-100-plot.png used on input line 228.
(pdftex.def)             Requested size: 234.8775pt x 176.15768pt.

Overfull \hbox (2.61107pt too wide) in paragraph at lines 228--228
[] [] 
 []


Package caption Warning: The option `hypcap=true' will be ignored for this
(caption)                particular \caption on input line 228.
See the caption package documentation for explanation.

\graphicWidth=\skip99
<Haste-CD-reduction-table.png, id=171, 188.6247pt x 216.81pt>
File: Haste-CD-reduction-table.png Graphic file (type png)

<use Haste-CD-reduction-table.png>
Package pdftex.def Info: Haste-CD-reduction-table.png used on input line 234.
(pdftex.def)             Requested size: 234.8775pt x 269.99287pt.


Package caption Warning: The option `hypcap=true' will be ignored for this
(caption)                particular \caption on input line 234.
See the caption package documentation for explanation.


Overfull \hbox (17.62482pt too wide) in paragraph at lines 234--234
[]$[]$ 
 []

[13 <./Haste-overview-1-table.png> <./Haste-overview-1-plot.png> <./Haste-overv
iew-50-table.png> <./Haste-overview-50-plot.png> <./Haste-overview-100-table.pn
g> <./Haste-overview-100-plot.png>] [14 <./Haste-CD-reduction-table.png>]
[15]
\graphicWidth=\skip100
 <Crit-overview-1-table.png, id=200, 376.5267pt x 195.8517pt>
File: Crit-overview-1-table.png Graphic file (type png)

<use Crit-overview-1-table.png>
Package pdftex.def Info: Crit-overview-1-table.png used on input line 301.
(pdftex.def)             Requested size: 234.8775pt x 122.1739pt.
\graphicWidth=\skip101

<Crit-overview-1-plot.png, id=201, 578.16pt x 433.62pt>
File: Crit-overview-1-plot.png Graphic file (type png)

<use Crit-overview-1-plot.png>
Package pdftex.def Info: Crit-overview-1-plot.png used on input line 301.
(pdftex.def)             Requested size: 234.8775pt x 176.15768pt.

Overfull \hbox (2.61107pt too wide) in paragraph at lines 301--301
[] [] 
 []

\graphicWidth=\skip102
<Crit-overview-50-table.png, id=202, 376.5267pt x 195.8517pt>
File: Crit-overview-50-table.png Graphic file (type png)

<use Crit-overview-50-table.png>
Package pdftex.def Info: Crit-overview-50-table.png used on input line 301.
(pdftex.def)             Requested size: 234.8775pt x 122.1739pt.
\graphicWidth=\skip103

<Crit-overview-50-plot.png, id=203, 578.16pt x 433.62pt>
File: Crit-overview-50-plot.png Graphic file (type png)

<use Crit-overview-50-plot.png>
Package pdftex.def Info: Crit-overview-50-plot.png used on input line 301.
(pdftex.def)             Requested size: 234.8775pt x 176.15768pt.

Overfull \hbox (2.61107pt too wide) in paragraph at lines 301--301
[] [] 
 []

\graphicWidth=\skip104
<Crit-overview-100-table.png, id=204, 376.5267pt x 195.8517pt>
File: Crit-overview-100-table.png Graphic file (type png)

<use Crit-overview-100-table.png>
Package pdftex.def Info: Crit-overview-100-table.png used on input line 301.
(pdftex.def)             Requested size: 234.8775pt x 122.1739pt.
\graphicWidth=\skip105

<Crit-overview-100-plot.png, id=205, 578.16pt x 433.62pt>
File: Crit-overview-100-plot.png Graphic file (type png)

<use Crit-overview-100-plot.png>
Package pdftex.def Info: Crit-overview-100-plot.png used on input line 301.
(pdftex.def)             Requested size: 234.8775pt x 176.15768pt.

Overfull \hbox (2.61107pt too wide) in paragraph at lines 301--301
[] [] 
 []


Package caption Warning: The option `hypcap=true' will be ignored for this
(caption)                particular \caption on input line 301.
See the caption package documentation for explanation.

[16 <./Crit-overview-1-table.png> <./Crit-overview-1-plot.png> <./Crit-overview
-50-table.png> <./Crit-overview-50-plot.png> <./Crit-overview-100-table.png> <.
/Crit-overview-100-plot.png>] (../postamble.tex
Package atveryend Info: Empty hook `BeforeClearDocument' on input line 1.
 [17]
Package atveryend Info: Empty hook `AfterLastShipout' on input line 1.
 (./Stats-documentation.aux)
Package atveryend Info: Executing hook `AtVeryEndDocument' on input line 1.
Package atveryend Info: Executing hook `AtEndAfterFileList' on input line 1.
Package rerunfilecheck Info: File `Stats-documentation.out' has not changed.
(rerunfilecheck)             Checksum: D41D8CD98F00B204E9800998ECF8427E;0.
Package logreq Info: Writing requests to 'Stats-documentation.run.xml'.
\openout1 = `Stats-documentation.run.xml'.

 ) ) 
Here is how much of TeX's memory you used:
 23025 strings out of 493013
 407581 string characters out of 6137008
 853332 words of memory out of 7999999
 26277 multiletter control sequences out of 15000+600000
 9128 words of font info for 34 fonts, out of 8000000 for 9000
 1141 hyphenation exceptions out of 8191
 42i,12n,45p,10439b,1538s stack positions out of 5000i,500n,10000p,200000b,80000s
<d:/texlive/2016/texmf-dist/fonts/type1/public/amsfonts/cm/cmbx12.pfb><d:/t
exlive/2016/texmf-dist/fonts/type1/public/amsfonts/cm/cmex10.pfb><d:/texlive/20
16/texmf-dist/fonts/type1/public/amsfonts/cm/cmmi12.pfb><d:/texlive/2016/texmf-
dist/fonts/type1/public/amsfonts/cm/cmmi8.pfb><d:/texlive/2016/texmf-dist/fonts
/type1/public/amsfonts/cm/cmr12.pfb><d:/texlive/2016/texmf-dist/fonts/type1/pub
lic/amsfonts/cm/cmr6.pfb><d:/texlive/2016/texmf-dist/fonts/type1/public/amsfont
s/cm/cmr8.pfb><d:/texlive/2016/texmf-dist/fonts/type1/public/amsfonts/cm/cmsy10
.pfb><d:/texlive/2016/texmf-dist/fonts/type1/public/amsfonts/cm/cmsy8.pfb><d:/t
exlive/2016/texmf-dist/fonts/type1/public/amsfonts/cm/cmti12.pfb><d:/texlive/20
16/texmf-dist/fonts/type1/public/amsfonts/cm/cmtt12.pfb><d:/texlive/2016/texmf-
dist/fonts/type1/public/amsfonts/cm/cmtt8.pfb>
Output written on Stats-documentation.pdf (17 pages, 3376527 bytes).
PDF statistics:
 272 PDF objects out of 1000 (max. 8388607)
 176 compressed objects within 2 object streams
 47 named destinations out of 1000 (max. 500000)
 161 words of extra memory for PDF output out of 10000 (max. 10000000)

